<?xml version="1.0" encoding="UTF-8" ?>
<testsuite tests="1" failures="0" name="kr.board.test.DBTest" time="0.405" errors="0" skipped="0">
  <properties>
    <property name="java.runtime.name" value="OpenJDK Runtime Environment"/>
    <property name="sun.boot.library.path" value="C:\eGovFrame-4.0.0\bin\jdk8u242-b08\jre\bin"/>
    <property name="java.vm.version" value="25.242-b08"/>
    <property name="java.vm.vendor" value=""/>
    <property name="maven.multiModuleProjectDirectory" value="C:\SpringGit\SpringBoard_Stu\SpringMVC04"/>
    <property name="java.vendor.url" value="http://java.oracle.com/"/>
    <property name="path.separator" value=";"/>
    <property name="guice.disable.misplaced.annotation.check" value="true"/>
    <property name="java.vm.name" value="OpenJDK 64-Bit Server VM"/>
    <property name="file.encoding.pkg" value="sun.io"/>
    <property name="user.script" value=""/>
    <property name="user.country" value="KR"/>
    <property name="sun.java.launcher" value="SUN_STANDARD"/>
    <property name="sun.os.patch.level" value=""/>
    <property name="java.vm.specification.name" value="Java Virtual Machine Specification"/>
    <property name="user.dir" value="C:\SpringGit\SpringBoard_Stu\SpringMVC04"/>
    <property name="java.runtime.version" value="1.8.0_242-b08"/>
    <property name="java.awt.graphicsenv" value="sun.awt.Win32GraphicsEnvironment"/>
    <property name="java.endorsed.dirs" value="C:\eGovFrame-4.0.0\bin\jdk8u242-b08\jre\lib\endorsed"/>
    <property name="os.arch" value="amd64"/>
    <property name="java.io.tmpdir" value="C:\Users\wjdgk\AppData\Local\Temp\"/>
    <property name="line.separator" value="
"/>
    <property name="java.vm.specification.vendor" value="Oracle Corporation"/>
    <property name="user.variant" value=""/>
    <property name="os.name" value="Windows 10"/>
    <property name="classworlds.conf" value="C:\eGovFrame-4.0.0\workspace.edu\.metadata\.plugins\org.eclipse.m2e.launching\launches\m2conf13696682581098391804.tmp"/>
    <property name="sun.jnu.encoding" value="MS949"/>
    <property name="java.library.path" value="C:\eGovFrame-4.0.0\bin\jdk8u242-b08\bin;C:\WINDOWS\Sun\Java\bin;C:\WINDOWS\system32;C:\WINDOWS;C:\oraclexe\app\oracle\product\11.2.0\server\bin;;C:\Program Files\Common Files\Oracle\Java\javapath;C:\Program Files\Eclipse Adoptium\jdk-8.0.352.8-hotspot\bin;C:\Program Files\Java\jdk-17.0.4.1\bin;C:\Program Files (x86)\Common Files\Oracle\Java\javapath;C:\Windows\system32;C:\Windows;C:\Windows\System32\Wbem;C:\Windows\System32\WindowsPowerShell\v1.0\;C:\Windows\System32\OpenSSH\;C:\Program Files\NVIDIA Corporation\NVIDIA NvDLISR;C:\Program Files (x86)\NVIDIA Corporation\PhysX\Common;C:\WINDOWS\system32;C:\WINDOWS;C:\WINDOWS\System32\Wbem;C:\WINDOWS\System32\WindowsPowerShell\v1.0\;C:\WINDOWS\System32\OpenSSH\;C:\Program Files\Java\jdk-11.0.17\bin;c:\Program Files\java\scripts;C:\Program Files\Bandizip\;C:\Program Files\Git\cmd;C:\Program Files\nodejs\;C:\Program Files\dotnet\;C:\Users\wjdgk\AppData\Local\Microsoft\WindowsApps;C:\Users\wjdgk\AppData\Local\Programs\Microsoft VS Code\bin;C:\Program Files\JetBrains\IntelliJ IDEA Community Edition 2022.3\bin;C:\Users\wjdgk\AppData\Roaming\npm;."/>
    <property name="java.specification.name" value="Java Platform API Specification"/>
    <property name="java.class.version" value="52.0"/>
    <property name="sun.management.compiler" value="HotSpot 64-Bit Tiered Compilers"/>
    <property name="os.version" value="10.0"/>
    <property name="user.home" value="C:\Users\wjdgk"/>
    <property name="user.timezone" value="Asia/Seoul"/>
    <property name="java.awt.printerjob" value="sun.awt.windows.WPrinterJob"/>
    <property name="java.specification.version" value="1.8"/>
    <property name="file.encoding" value="UTF-8"/>
    <property name="user.name" value="wjdgk"/>
    <property name="java.class.path" value="C:\eGovFrame-4.0.0\bin\eclipse\plugins\org.eclipse.m2e.maven.runtime_1.16.0.20210129-0849\jars\plexus-classworlds-2.6.0.jar"/>
    <property name="java.vm.specification.version" value="1.8"/>
    <property name="sun.arch.data.model" value="64"/>
    <property name="java.home" value="C:\eGovFrame-4.0.0\bin\jdk8u242-b08\jre"/>
    <property name="sun.java.command" value="org.codehaus.plexus.classworlds.launcher.Launcher -B -s C:\eGovFrame-4.0.0\maven\settings.xml install"/>
    <property name="java.specification.vendor" value="Oracle Corporation"/>
    <property name="user.language" value="ko"/>
    <property name="awt.toolkit" value="sun.awt.windows.WToolkit"/>
    <property name="java.vm.info" value="mixed mode"/>
    <property name="java.version" value="1.8.0_242"/>
    <property name="java.ext.dirs" value="C:\eGovFrame-4.0.0\bin\jdk8u242-b08\jre\lib\ext;C:\WINDOWS\Sun\Java\lib\ext"/>
    <property name="sun.boot.class.path" value="C:\eGovFrame-4.0.0\bin\jdk8u242-b08\jre\lib\resources.jar;C:\eGovFrame-4.0.0\bin\jdk8u242-b08\jre\lib\rt.jar;C:\eGovFrame-4.0.0\bin\jdk8u242-b08\jre\lib\sunrsasign.jar;C:\eGovFrame-4.0.0\bin\jdk8u242-b08\jre\lib\jsse.jar;C:\eGovFrame-4.0.0\bin\jdk8u242-b08\jre\lib\jce.jar;C:\eGovFrame-4.0.0\bin\jdk8u242-b08\jre\lib\charsets.jar;C:\eGovFrame-4.0.0\bin\jdk8u242-b08\jre\lib\jfr.jar;C:\eGovFrame-4.0.0\bin\jdk8u242-b08\jre\classes"/>
    <property name="java.vendor" value="AdoptOpenJDK"/>
    <property name="maven.home" value="C:\SpringGit\SpringBoard_Stu\SpringMVC04\EMBEDDED"/>
    <property name="file.separator" value="\"/>
    <property name="java.vendor.url.bug" value="http://bugreport.sun.com/bugreport/"/>
    <property name="sun.cpu.endian" value="little"/>
    <property name="sun.io.unicode.encoding" value="UnicodeLittle"/>
    <property name="sun.desktop" value="windows"/>
    <property name="sun.cpu.isalist" value="amd64"/>
  </properties>
  <testcase classname="kr.board.test.DBTest" name="testConnection" time="0.405"/>
</testsuite>